# JRE version: OpenJDK Runtime Environment Microsoft-8035246 (17.0.8+7) (build 17.0.8+7-LTS)
# Java VM: OpenJDK 64-Bit Server VM Microsoft-8035246 (17.0.8+7-LTS, mixed mode, sharing, tiered, compressed oops, compressed class ptrs, g1 gc, windows-amd64)
GC Precious Log:
 CPUs: 12 total, 12 available
 Memory: 7916M
 Large Page Support: Disabled
 NUMA Support: Disabled
 Compressed Oops: Enabled (32-bit)
 Heap Region Size: 1M
 Heap Min Capacity: 8M
 Heap Initial Capacity: 124M
 Heap Max Capacity: 2G
 Pre-touch: Disabled
 Parallel Workers: 10
 Concurrent Workers: 3
 Concurrent Refinement Workers: 10
 Periodic GC: Disabled
Heap:
 garbage-first heap   total 348160K, used 297337K [0x0000000080000000, 0x0000000100000000)
  region size 1024K, 17 young (17408K), 3 survivors (3072K)
 Metaspace       used 110563K, committed 112256K, reserved 557056K
  class space    used 15211K, committed 16000K, reserved 425984K
GC Heap History (20 events):
Event: 35.556 GC heap before
{Heap before GC invocations=59 (full 0):
 garbage-first heap   total 348160K, used 280438K [0x0000000080000000, 0x0000000100000000)
  region size 1024K, 55 young (56320K), 8 survivors (8192K)
 Metaspace       used 105884K, committed 107456K, reserved 557056K
  class space    used 14675K, committed 15424K, reserved 425984K
}
Event: 35.569 GC heap after
{Heap after GC invocations=60 (full 0):
 garbage-first heap   total 348160K, used 242403K [0x0000000080000000, 0x0000000100000000)
  region size 1024K, 7 young (7168K), 7 survivors (7168K)
 Metaspace       used 105884K, committed 107456K, reserved 557056K
  class space    used 14675K, committed 15424K, reserved 425984K
}
Event: 36.154 GC heap before
{Heap before GC invocations=60 (full 0):
 garbage-first heap   total 348160K, used 285411K [0x0000000080000000, 0x0000000100000000)
  region size 1024K, 49 young (50176K), 7 survivors (7168K)
 Metaspace       used 106203K, committed 107776K, reserved 557056K
  class space    used 14696K, committed 15424K, reserved 425984K
}
Event: 36.166 GC heap after
{Heap after GC invocations=61 (full 0):
 garbage-first heap   total 348160K, used 251654K [0x0000000080000000, 0x0000000100000000)
  region size 1024K, 7 young (7168K), 7 survivors (7168K)
 Metaspace       used 106203K, committed 107776K, reserved 557056K
  class space    used 14696K, committed 15424K, reserved 425984K
}
Event: 36.724 GC heap before
{Heap before GC invocations=61 (full 0):
 garbage-first heap   total 348160K, used 289542K [0x0000000080000000, 0x0000000100000000)
  region size 1024K, 44 young (45056K), 7 survivors (7168K)
 Metaspace       used 108007K, committed 109568K, reserved 557056K
  class space    used 14885K, committed 15616K, reserved 425984K
}
Event: 36.732 GC heap after
{Heap after GC invocations=62 (full 0):
 garbage-first heap   total 348160K, used 258422K [0x0000000080000000, 0x0000000100000000)
  region size 1024K, 6 young (6144K), 6 survivors (6144K)
 Metaspace       used 108007K, committed 109568K, reserved 557056K
  class space    used 14885K, committed 15616K, reserved 425984K
}
Event: 37.130 GC heap before
{Heap before GC invocations=62 (full 0):
 garbage-first heap   total 348160K, used 293238K [0x0000000080000000, 0x0000000100000000)
  region size 1024K, 40 young (40960K), 6 survivors (6144K)
 Metaspace       used 109286K, committed 110912K, reserved 557056K
  class space    used 15070K, committed 15808K, reserved 425984K
}
Event: 37.137 GC heap after
{Heap after GC invocations=63 (full 0):
 garbage-first heap   total 348160K, used 263274K [0x0000000080000000, 0x0000000100000000)
  region size 1024K, 5 young (5120K), 5 survivors (5120K)
 Metaspace       used 109286K, committed 110912K, reserved 557056K
  class space    used 15070K, committed 15808K, reserved 425984K
}
Event: 37.887 GC heap before
{Heap before GC invocations=63 (full 0):
 garbage-first heap   total 348160K, used 295018K [0x0000000080000000, 0x0000000100000000)
  region size 1024K, 37 young (37888K), 5 survivors (5120K)
 Metaspace       used 109780K, committed 111424K, reserved 557056K
  class space    used 15126K, committed 15936K, reserved 425984K
}
Event: 37.895 GC heap after
{Heap after GC invocations=64 (full 0):
 garbage-first heap   total 348160K, used 268614K [0x0000000080000000, 0x0000000100000000)
  region size 1024K, 5 young (5120K), 5 survivors (5120K)
 Metaspace       used 109780K, committed 111424K, reserved 557056K
  class space    used 15126K, committed 15936K, reserved 425984K
}
Event: 38.232 GC heap before
{Heap before GC invocations=64 (full 0):
 garbage-first heap   total 348160K, used 297286K [0x0000000080000000, 0x0000000100000000)
  region size 1024K, 34 young (34816K), 5 survivors (5120K)
 Metaspace       used 109935K, committed 111616K, reserved 557056K
  class space    used 15126K, committed 15936K, reserved 425984K
}
Event: 38.236 GC heap after
{Heap after GC invocations=65 (full 0):
 garbage-first heap   total 348160K, used 270455K [0x0000000080000000, 0x0000000100000000)
  region size 1024K, 2 young (2048K), 2 survivors (2048K)
 Metaspace       used 109935K, committed 111616K, reserved 557056K
  class space    used 15126K, committed 15936K, reserved 425984K
}
Event: 38.738 GC heap before
{Heap before GC invocations=65 (full 0):
 garbage-first heap   total 348160K, used 300151K [0x0000000080000000, 0x0000000100000000)
  region size 1024K, 31 young (31744K), 2 survivors (2048K)
 Metaspace       used 110492K, committed 112128K, reserved 557056K
  class space    used 15210K, committed 16000K, reserved 425984K
}
Event: 38.744 GC heap after
{Heap after GC invocations=66 (full 0):
 garbage-first heap   total 348160K, used 276024K [0x0000000080000000, 0x0000000100000000)
  region size 1024K, 4 young (4096K), 4 survivors (4096K)
 Metaspace       used 110492K, committed 112128K, reserved 557056K
  class space    used 15210K, committed 16000K, reserved 425984K
}
Event: 38.822 GC heap before
{Heap before GC invocations=66 (full 0):
 garbage-first heap   total 348160K, used 299575K [0x0000000080000000, 0x0000000100000000)
  region size 1024K, 28 young (28672K), 4 survivors (4096K)
 Metaspace       used 110531K, committed 112256K, reserved 557056K
  class space    used 15211K, committed 16000K, reserved 425984K
}
Event: 38.827 GC heap after
{Heap after GC invocations=67 (full 0):
 garbage-first heap   total 348160K, used 278519K [0x0000000080000000, 0x0000000100000000)
  region size 1024K, 3 young (3072K), 3 survivors (3072K)
 Metaspace       used 110531K, committed 112256K, reserved 557056K
  class space    used 15211K, committed 16000K, reserved 425984K
}
Event: 38.939 GC heap before
{Heap before GC invocations=67 (full 0):
 garbage-first heap   total 348160K, used 301047K [0x0000000080000000, 0x0000000100000000)
  region size 1024K, 26 young (26624K), 3 survivors (3072K)
 Metaspace       used 110554K, committed 112256K, reserved 557056K
  class space    used 15211K, committed 16000K, reserved 425984K
}
Event: 38.942 GC heap after
{Heap after GC invocations=68 (full 0):
 garbage-first heap   total 348160K, used 279841K [0x0000000080000000, 0x0000000100000000)
  region size 1024K, 4 young (4096K), 4 survivors (4096K)
 Metaspace       used 110554K, committed 112256K, reserved 557056K
  class space    used 15211K, committed 16000K, reserved 425984K
}
Event: 39.146 GC heap before
{Heap before GC invocations=68 (full 0):
 garbage-first heap   total 348160K, used 302369K [0x0000000080000000, 0x0000000100000000)
  region size 1024K, 27 young (27648K), 4 survivors (4096K)
 Metaspace       used 110559K, committed 112256K, reserved 557056K
  class space    used 15211K, committed 16000K, reserved 425984K
}
Event: 39.150 GC heap after
{Heap after GC invocations=69 (full 0):
 garbage-first heap   total 348160K, used 280953K [0x0000000080000000, 0x0000000100000000)
  region size 1024K, 3 young (3072K), 3 survivors (3072K)
 Metaspace       used 110559K, committed 112256K, reserved 557056K
  class space    used 15211K, committed 16000K, reserved 425984K
}

